[24-Aug-2025 21:30:48 Europe/Berlin] [Admin Fields Handler] Request started - Action: get_fields
[24-Aug-2025 21:30:48 Europe/Berlin] [Admin Fields Handler] Processing action: get_fields
[24-Aug-2025 21:30:48 Europe/Berlin] [Admin Fields Handler] get_fields case started
[24-Aug-2025 21:30:48 Europe/Berlin] [Admin Fields Handler] Table exists, querying data
[24-Aug-2025 21:30:48 Europe/Berlin] [Admin Fields Handler] Found 4 fields
[24-Aug-2025 21:30:48 Europe/Berlin] [Admin Fields Handler] Sending response: {"success":true,"message":"Fields loaded successfully","data":{"fields":[{"id":"1","field_name":"Activity","field_type":"input","field_values":"","is_active":"1","created_at":"2025-08-24 22:15:04","updated_at":"2025-08-24 22:15:04"},{"id":"4","field_name":"Amount","field_type":"input","field_values":"","is_active":"1","created_at":"2025-08-24 22:15:04","updated_at":"2025-08-24 22:15:04"},{"id":"2","field_name":"BudgetLine","field_type":"input","field_values":"","is_active":"1","created_at":"2025-08-24 22:15:04","updated_at":"2025-08-24 22:15:04"},{"id":"3","field_name":"Partner","field_type":"input","field_values":"","is_active":"1","created_at":"2025-08-24 22:15:04","updated_at":"2025-08-24 22:15:04"}]}}
[24-Aug-2025 21:31:17 Europe/Berlin] [Admin Fields Handler] Request started - Action: get_fields
[24-Aug-2025 21:31:17 Europe/Berlin] [Admin Fields Handler] Processing action: get_fields
[24-Aug-2025 21:31:17 Europe/Berlin] [Admin Fields Handler] get_fields case started
[24-Aug-2025 21:31:17 Europe/Berlin] [Admin Fields Handler] Table exists, querying data
[24-Aug-2025 21:31:17 Europe/Berlin] [Admin Fields Handler] Found 4 fields
[24-Aug-2025 21:31:17 Europe/Berlin] [Admin Fields Handler] Sending response: {"success":true,"message":"Fields loaded successfully","data":{"fields":[{"id":"1","field_name":"Activity","field_type":"input","field_values":"","is_active":"1","created_at":"2025-08-24 22:15:04","updated_at":"2025-08-24 22:15:04"},{"id":"4","field_name":"Amount","field_type":"input","field_values":"","is_active":"1","created_at":"2025-08-24 22:15:04","updated_at":"2025-08-24 22:15:04"},{"id":"2","field_name":"BudgetLine","field_type":"input","field_values":"","is_active":"1","created_at":"2025-08-24 22:15:04","updated_at":"2025-08-24 22:15:04"},{"id":"3","field_name":"Partner","field_type":"input","field_values":"","is_active":"1","created_at":"2025-08-24 22:15:04","updated_at":"2025-08-24 22:15:04"}]}}
[24-Aug-2025 21:31:19 Europe/Berlin] [Admin Fields Handler] Request started - Action: get_field_config
[24-Aug-2025 21:31:19 Europe/Berlin] [Admin Fields Handler] Request started - Action: get_field_config
[24-Aug-2025 21:31:19 Europe/Berlin] [Admin Fields Handler] Request started - Action: get_field_config
[24-Aug-2025 21:31:19 Europe/Berlin] [Admin Fields Handler] Request started - Action: get_field_config
[24-Aug-2025 21:31:19 Europe/Berlin] [Admin Fields Handler] Processing action: get_field_config
[24-Aug-2025 21:31:19 Europe/Berlin] [Admin Fields Handler] Sending response: {"success":true,"message":"Field configuration retrieved","data":{"field":{"id":1,"field_name":"Activity","field_type":"input","field_values":"","is_active":1,"created_at":"2025-08-24 22:15:04","updated_at":"2025-08-24 22:15:04","values_array":[]}}}
[24-Aug-2025 21:31:19 Europe/Berlin] [Admin Fields Handler] Processing action: get_field_config
[24-Aug-2025 21:31:19 Europe/Berlin] [Admin Fields Handler] Sending response: {"success":true,"message":"Field configuration retrieved","data":{"field":{"id":2,"field_name":"BudgetLine","field_type":"input","field_values":"","is_active":1,"created_at":"2025-08-24 22:15:04","updated_at":"2025-08-24 22:15:04","values_array":[]}}}
[24-Aug-2025 21:31:19 Europe/Berlin] [Admin Fields Handler] Processing action: get_field_config
[24-Aug-2025 21:31:19 Europe/Berlin] [Admin Fields Handler] Sending response: {"success":true,"message":"Field configuration retrieved","data":{"field":{"id":3,"field_name":"Partner","field_type":"input","field_values":"","is_active":1,"created_at":"2025-08-24 22:15:04","updated_at":"2025-08-24 22:15:04","values_array":[]}}}
[24-Aug-2025 21:31:19 Europe/Berlin] [Admin Fields Handler] Processing action: get_field_config
[24-Aug-2025 21:31:19 Europe/Berlin] [Admin Fields Handler] Sending response: {"success":true,"message":"Field configuration retrieved","data":{"field":{"id":4,"field_name":"Amount","field_type":"input","field_values":"","is_active":1,"created_at":"2025-08-24 22:15:04","updated_at":"2025-08-24 22:15:04","values_array":[]}}}
[24-Aug-2025 21:31:24 Europe/Berlin] [Admin Fields Handler] Request started - Action: get_fields
[24-Aug-2025 21:31:24 Europe/Berlin] [Admin Fields Handler] Processing action: get_fields
[24-Aug-2025 21:31:24 Europe/Berlin] [Admin Fields Handler] get_fields case started
[24-Aug-2025 21:31:24 Europe/Berlin] [Admin Fields Handler] Table exists, querying data
[24-Aug-2025 21:31:24 Europe/Berlin] [Admin Fields Handler] Found 4 fields
[24-Aug-2025 21:31:24 Europe/Berlin] [Admin Fields Handler] Sending response: {"success":true,"message":"Fields loaded successfully","data":{"fields":[{"id":"1","field_name":"Activity","field_type":"input","field_values":"","is_active":"1","created_at":"2025-08-24 22:15:04","updated_at":"2025-08-24 22:15:04"},{"id":"4","field_name":"Amount","field_type":"input","field_values":"","is_active":"1","created_at":"2025-08-24 22:15:04","updated_at":"2025-08-24 22:15:04"},{"id":"2","field_name":"BudgetLine","field_type":"input","field_values":"","is_active":"1","created_at":"2025-08-24 22:15:04","updated_at":"2025-08-24 22:15:04"},{"id":"3","field_name":"Partner","field_type":"input","field_values":"","is_active":"1","created_at":"2025-08-24 22:15:04","updated_at":"2025-08-24 22:15:04"}]}}
[24-Aug-2025 21:31:51 Europe/Berlin] [Admin Fields Handler] Request started - Action: get_fields
[24-Aug-2025 21:31:51 Europe/Berlin] [Admin Fields Handler] Processing action: get_fields
[24-Aug-2025 21:31:51 Europe/Berlin] [Admin Fields Handler] get_fields case started
[24-Aug-2025 21:31:51 Europe/Berlin] [Admin Fields Handler] Table exists, querying data
[24-Aug-2025 21:31:51 Europe/Berlin] [Admin Fields Handler] Found 4 fields
[24-Aug-2025 21:31:51 Europe/Berlin] [Admin Fields Handler] Sending response: {"success":true,"message":"Fields loaded successfully","data":{"fields":[{"id":"1","field_name":"Activity","field_type":"input","field_values":"","is_active":"1","created_at":"2025-08-24 22:15:04","updated_at":"2025-08-24 22:15:04"},{"id":"4","field_name":"Amount","field_type":"input","field_values":"","is_active":"1","created_at":"2025-08-24 22:15:04","updated_at":"2025-08-24 22:15:04"},{"id":"2","field_name":"BudgetLine","field_type":"input","field_values":"","is_active":"1","created_at":"2025-08-24 22:15:04","updated_at":"2025-08-24 22:15:04"},{"id":"3","field_name":"Partner","field_type":"input","field_values":"","is_active":"1","created_at":"2025-08-24 22:15:04","updated_at":"2025-08-24 22:15:04"}]}}
[24-Aug-2025 21:33:41 Europe/Berlin] [Admin Fields Handler] Request started - Action: get_fields
[24-Aug-2025 21:33:41 Europe/Berlin] [Admin Fields Handler] Processing action: get_fields
[24-Aug-2025 21:33:41 Europe/Berlin] [Admin Fields Handler] get_fields case started
[24-Aug-2025 21:33:41 Europe/Berlin] [Admin Fields Handler] Table exists, querying data
[24-Aug-2025 21:33:41 Europe/Berlin] [Admin Fields Handler] Found 4 fields
[24-Aug-2025 21:33:41 Europe/Berlin] [Admin Fields Handler] Sending response: {"success":true,"message":"Fields loaded successfully","data":{"fields":[{"id":"1","field_name":"Activity","field_type":"input","field_values":"","is_active":"1","created_at":"2025-08-24 22:15:04","updated_at":"2025-08-24 22:15:04"},{"id":"4","field_name":"Amount","field_type":"input","field_values":"","is_active":"1","created_at":"2025-08-24 22:15:04","updated_at":"2025-08-24 22:15:04"},{"id":"2","field_name":"BudgetLine","field_type":"input","field_values":"","is_active":"1","created_at":"2025-08-24 22:15:04","updated_at":"2025-08-24 22:15:04"},{"id":"3","field_name":"Partner","field_type":"input","field_values":"","is_active":"1","created_at":"2025-08-24 22:15:04","updated_at":"2025-08-24 22:15:04"}]}}
[24-Aug-2025 21:38:00 Europe/Berlin] [Admin Fields Handler] Request started - Action: get_fields
[24-Aug-2025 21:38:00 Europe/Berlin] [Admin Fields Handler] Processing action: get_fields
[24-Aug-2025 21:38:00 Europe/Berlin] [Admin Fields Handler] get_fields case started
[24-Aug-2025 21:38:00 Europe/Berlin] [Admin Fields Handler] Table exists, querying data
[24-Aug-2025 21:38:00 Europe/Berlin] [Admin Fields Handler] Found 4 fields
[24-Aug-2025 21:38:00 Europe/Berlin] [Admin Fields Handler] Sending response: {"success":true,"message":"Fields loaded successfully","data":{"fields":[{"id":"1","field_name":"Activity","field_type":"dropdown","field_values":"Training Workshop,Conference Organization,Research Activities","is_active":"1","created_at":"2025-08-24 22:37:01","updated_at":"2025-08-24 22:37:01"},{"id":"4","field_name":"Amount","field_type":"input","field_values":"","is_active":"1","created_at":"2025-08-24 22:37:01","updated_at":"2025-08-24 22:37:01"},{"id":"2","field_name":"BudgetLine","field_type":"dropdown","field_values":"Travel Expenses,Training Costs,Equipment Purchase","is_active":"1","created_at":"2025-08-24 22:37:01","updated_at":"2025-08-24 22:37:01"},{"id":"3","field_name":"Partner","field_type":"dropdown","field_values":"ABC Organization,XYZ Foundation,Local NGO Partners","is_active":"1","created_at":"2025-08-24 22:37:01","updated_at":"2025-08-24 22:37:01"}]}}
